<?xml version="1.0" encoding="UTF-8"?>
<!-- Generated by org.testng.reporters.JUnitXMLReporter -->
<testsuite hostname="HP" name="Test-1" tests="7" failures="0" timestamp="2 Jan 2018 10:43:48 GMT" time="43.31" errors="0">
  <testcase name="vehicleCheckMenuTest_001" time="7.563" classname="velocityWebTest.VelocityTest_001"/>
  <testcase name="vehicleCheckTileTest_002" time="5.386" classname="velocityWebTest.VelocityTest_001"/>
  <testcase name="vehicleCheckTileTest_003" time="2.825" classname="velocityWebTest.VelocityTest_001"/>
  <testcase name="vehiclesTileTest_004" time="5.472" classname="velocityWebTest.VelocityTest_001"/>
  <testcase name="vehiclesaddButtonPopupTest_005" time="4.55" classname="velocityWebTest.VelocityTest_001"/>
  <testcase name="vehiclesaddButtonPopupTest_007" time="2.851" classname="velocityWebTest.VelocityTest_001"/>
  <testcase name="vehiclesaddButtonPopupTest_008" time="2.563" classname="velocityWebTest.VelocityTest_001"/>
</testsuite> <!-- Test-1 -->
