<?xml version="1.0" encoding="UTF-8"?>
<!-- Generated by org.testng.reporters.JUnitXMLReporter -->
<testsuite hostname="HP" name="Test-2" tests="9" failures="0" timestamp="2 Jan 2018 10:48:08 GMT" time="260.058" errors="0">
  <testcase name="vehicleAppTest_011" time="16.445" classname="velocityAndroidAppTest.velocityAppTest"/>
  <testcase name="vehicleAppTest_012" time="17.747" classname="velocityAndroidAppTest.velocityAppTest"/>
  <testcase name="vehicleAppTest_013" time="18.294" classname="velocityAndroidAppTest.velocityAppTest"/>
  <testcase name="vehicleAppTest_014" time="20.023" classname="velocityAndroidAppTest.velocityAppTest"/>
  <testcase name="vehicleAppTest_015" time="117.196" classname="velocityAndroidAppTest.velocityAppTest"/>
  <testcase name="vehicleAppTest_016" time="7.11" classname="velocityAndroidAppTest.velocityAppTest"/>
  <testcase name="vehicleAppTest_017" time="26.883" classname="velocityAndroidAppTest.velocityAppTest"/>
  <testcase name="vehicleAppTest_018" time="2.571" classname="velocityAndroidAppTest.velocityAppTest"/>
  <testcase name="vehicleAppTest_019" time="26.011" classname="velocityAndroidAppTest.velocityAppTest"/>
</testsuite> <!-- Test-2 -->
