<?xml version="1.0" encoding="UTF-8"?>
<!-- Generated by org.testng.reporters.JUnitXMLReporter -->
<testsuite hostname="HP" name="Test-3" tests="9" failures="0" timestamp="2 Jan 2018 10:49:11 GMT" time="63.131" errors="0">
  <testcase name="liveMapTest_020" time="32.616" classname="velocityMapTest.VelocityLiveMapTest"/>
  <testcase name="liveMapTest_021" time="1.807" classname="velocityMapTest.VelocityLiveMapTest"/>
  <testcase name="liveMapTest_022" time="1.511" classname="velocityMapTest.VelocityLiveMapTest"/>
  <testcase name="liveMapTest_023" time="3.98" classname="velocityMapTest.VelocityLiveMapTest"/>
  <testcase name="liveMapTest_024" time="4.42" classname="velocityMapTest.VelocityLiveMapTest"/>
  <testcase name="liveMapTest_025" time="2.338" classname="velocityMapTest.VelocityLiveMapTest"/>
  <testcase name="liveMapTest_026" time="1.923" classname="velocityMapTest.VelocityLiveMapTest"/>
  <testcase name="liveMapTest_027" time="2.074" classname="velocityMapTest.VelocityLiveMapTest"/>
  <testcase name="liveMapTest_028" time="2.166" classname="velocityMapTest.VelocityLiveMapTest"/>
</testsuite> <!-- Test-3 -->
