<?xml version="1.0" encoding="UTF-8"?>
<!-- Generated by org.testng.reporters.JUnitReportReporter -->
<testsuite hostname="HP" name="velocityAndroidAppTest.velocityAppTest" tests="9" failures="0" timestamp="12 Jan 2018 08:33:29 GMT" time="169.792" errors="0">
  <testcase name="vehicleAppTest_017" time="10.580" classname="velocityAndroidAppTest.velocityAppTest"/>
  <testcase name="vehicleAppTest_016" time="8.575" classname="velocityAndroidAppTest.velocityAppTest"/>
  <testcase name="vehicleAppTest_018" time="3.531" classname="velocityAndroidAppTest.velocityAppTest"/>
  <testcase name="vehicleAppTest_011" time="15.841" classname="velocityAndroidAppTest.velocityAppTest"/>
  <testcase name="vehicleAppTest_013" time="19.340" classname="velocityAndroidAppTest.velocityAppTest"/>
  <testcase name="vehicleAppTest_012" time="28.470" classname="velocityAndroidAppTest.velocityAppTest"/>
  <testcase name="vehicleAppTest_019" time="9.042" classname="velocityAndroidAppTest.velocityAppTest"/>
  <testcase name="vehicleAppTest_014" time="22.235" classname="velocityAndroidAppTest.velocityAppTest"/>
  <testcase name="vehicleAppTest_015" time="52.178" classname="velocityAndroidAppTest.velocityAppTest"/>
</testsuite> <!-- velocityAndroidAppTest.velocityAppTest -->
