<?xml version="1.0" encoding="UTF-8"?>
<!-- Generated by org.testng.reporters.JUnitReportReporter -->
<testsuite hostname="HP" name="geberitWebTest.GeberitTest_001" tests="1" failures="0" timestamp="30 Jul 2018 09:28:28 GMT" time="0.252" errors="0">
  <testcase name="loginuserTest_001" time="0.252" classname="geberitWebTest.GeberitTest_001"/>
</testsuite> <!-- geberitWebTest.GeberitTest_001 -->
