<?xml version="1.0" encoding="UTF-8"?>
<!-- Generated by org.testng.reporters.JUnitReportReporter -->
<testsuite hostname="HP" name="velocityMapTest.VelocityLiveMapTest" tests="9" failures="0" timestamp="11 Jan 2018 10:59:10 GMT" time="62.642" errors="0">
  <testcase name="liveMapTest_022" time="1.921" classname="velocityMapTest.VelocityLiveMapTest"/>
  <testcase name="liveMapTest_028" time="3.657" classname="velocityMapTest.VelocityLiveMapTest"/>
  <testcase name="liveMapTest_021" time="2.746" classname="velocityMapTest.VelocityLiveMapTest"/>
  <testcase name="liveMapTest_020" time="35.388" classname="velocityMapTest.VelocityLiveMapTest"/>
  <testcase name="liveMapTest_026" time="3.798" classname="velocityMapTest.VelocityLiveMapTest"/>
  <testcase name="liveMapTest_027" time="3.615" classname="velocityMapTest.VelocityLiveMapTest"/>
  <testcase name="liveMapTest_023" time="3.998" classname="velocityMapTest.VelocityLiveMapTest"/>
  <testcase name="liveMapTest_025" time="2.480" classname="velocityMapTest.VelocityLiveMapTest"/>
  <testcase name="liveMapTest_024" time="5.039" classname="velocityMapTest.VelocityLiveMapTest"/>
</testsuite> <!-- velocityMapTest.VelocityLiveMapTest -->
