<?xml version="1.0" encoding="UTF-8"?>
<!-- Generated by org.testng.reporters.JUnitReportReporter -->
<testsuite hostname="HP" name="velocityCheckHome.VelocityTestSuite_001" tests="3" failures="0" timestamp="13 Dec 2017 12:32:13 GMT" time="11.244" errors="0">
  <testcase name="vehicleCheckTileTest_003" time="1.716" classname="velocityCheckHome.VelocityTestSuite_001"/>
  <testcase name="vehicleCheckTileTest_002" time="4.573" classname="velocityCheckHome.VelocityTestSuite_001"/>
  <testcase name="vehicleCheckMenuTest_001" time="4.955" classname="velocityCheckHome.VelocityTestSuite_001"/>
</testsuite> <!-- velocityCheckHome.VelocityTestSuite_001 -->
