<?xml version="1.0" encoding="UTF-8"?>
<!-- Generated by org.testng.reporters.JUnitReportReporter -->
<testsuite hostname="HP" name="velocityWebTest.VelocityTest_001" tests="7" failures="0" timestamp="2 Jan 2018 10:49:12 GMT" time="31.328" errors="0">
  <testcase name="vehicleCheckTileTest_002" time="5.473" classname="velocityWebTest.VelocityTest_001"/>
  <testcase name="vehicleCheckMenuTest_001" time="7.568" classname="velocityWebTest.VelocityTest_001"/>
  <testcase name="vehiclesaddButtonPopupTest_007" time="2.855" classname="velocityWebTest.VelocityTest_001"/>
  <testcase name="vehiclesaddButtonPopupTest_005" time="4.554" classname="velocityWebTest.VelocityTest_001"/>
  <testcase name="vehiclesaddButtonPopupTest_008" time="2.570" classname="velocityWebTest.VelocityTest_001"/>
  <testcase name="vehicleCheckTileTest_003" time="2.830" classname="velocityWebTest.VelocityTest_001"/>
  <testcase name="vehiclesTileTest_004" time="5.478" classname="velocityWebTest.VelocityTest_001"/>
</testsuite> <!-- velocityWebTest.VelocityTest_001 -->
