<?xml version="1.0" encoding="UTF-8"?>
<!-- Generated by org.testng.reporters.JUnitReportReporter -->
<testsuite hostname="HP" name="velocityTestScript.VelocityTest_001" tests="7" failures="0" timestamp="18 Dec 2017 06:27:11 GMT" time="47.815" errors="0">
  <testcase name="vehiclesaddButtonPopupTest_005" time="4.486" classname="velocityTestScript.VelocityTest_001"/>
  <testcase name="vehiclesaddButtonPopupTest_007" time="4.812" classname="velocityTestScript.VelocityTest_001"/>
  <testcase name="vehicleCheckTileTest_003" time="15.752" classname="velocityTestScript.VelocityTest_001"/>
  <testcase name="vehicleCheckTileTest_002" time="6.499" classname="velocityTestScript.VelocityTest_001"/>
  <testcase name="vehicleCheckMenuTest_001" time="8.497" classname="velocityTestScript.VelocityTest_001"/>
  <testcase name="vehiclesTileTest_004" time="4.697" classname="velocityTestScript.VelocityTest_001"/>
  <testcase name="vehiclesaddButtonPopupTest_008" time="3.072" classname="velocityTestScript.VelocityTest_001"/>
</testsuite> <!-- velocityTestScript.VelocityTest_001 -->
