<?xml version="1.0" encoding="UTF-8"?>
<!-- Generated by org.testng.reporters.JUnitReportReporter -->
<testsuite hostname="HP" name="velocityAndroidAppTest.velocityAppTest" tests="9" failures="0" timestamp="2 Jan 2018 12:07:02 GMT" time="287.986" errors="0">
  <testcase name="vehicleAppTest_018" time="2.761" classname="velocityAndroidAppTest.velocityAppTest"/>
  <testcase name="vehicleAppTest_011" time="17.592" classname="velocityAndroidAppTest.velocityAppTest"/>
  <testcase name="vehicleAppTest_013" time="19.941" classname="velocityAndroidAppTest.velocityAppTest"/>
  <testcase name="vehicleAppTest_019" time="31.338" classname="velocityAndroidAppTest.velocityAppTest"/>
  <testcase name="vehicleAppTest_016" time="7.603" classname="velocityAndroidAppTest.velocityAppTest"/>
  <testcase name="vehicleAppTest_017" time="30.439" classname="velocityAndroidAppTest.velocityAppTest"/>
  <testcase name="vehicleAppTest_012" time="18.219" classname="velocityAndroidAppTest.velocityAppTest"/>
  <testcase name="vehicleAppTest_015" time="138.243" classname="velocityAndroidAppTest.velocityAppTest"/>
  <testcase name="vehicleAppTest_014" time="21.850" classname="velocityAndroidAppTest.velocityAppTest"/>
</testsuite> <!-- velocityAndroidAppTest.velocityAppTest -->
