<?xml version="1.0" encoding="UTF-8"?>
<!-- Generated by org.testng.reporters.JUnitReportReporter -->
<testsuite hostname="HP" name="velocityMapTest.VelocityLiveMapTest" tests="9" failures="0" timestamp="4 Jan 2018 06:10:36 GMT" time="86.340" errors="0">
  <testcase name="liveMapTest_020" time="49.015" classname="velocityMapTest.VelocityLiveMapTest"/>
  <testcase name="liveMapTest_021" time="3.377" classname="velocityMapTest.VelocityLiveMapTest"/>
  <testcase name="liveMapTest_024" time="6.861" classname="velocityMapTest.VelocityLiveMapTest"/>
  <testcase name="liveMapTest_026" time="2.875" classname="velocityMapTest.VelocityLiveMapTest"/>
  <testcase name="liveMapTest_025" time="5.339" classname="velocityMapTest.VelocityLiveMapTest"/>
  <testcase name="liveMapTest_027" time="3.183" classname="velocityMapTest.VelocityLiveMapTest"/>
  <testcase name="liveMapTest_028" time="4.039" classname="velocityMapTest.VelocityLiveMapTest"/>
  <testcase name="liveMapTest_022" time="2.707" classname="velocityMapTest.VelocityLiveMapTest"/>
  <testcase name="liveMapTest_023" time="8.944" classname="velocityMapTest.VelocityLiveMapTest"/>
</testsuite> <!-- velocityMapTest.VelocityLiveMapTest -->
