<?xml version="1.0" encoding="UTF-8"?>
<!-- Generated by org.testng.reporters.JUnitReportReporter -->
<testsuite hostname="HP" name="velocityAndroidAppTest.velocityAppTest" tests="9" failures="0" timestamp="11 Jan 2018 11:05:32 GMT" time="146.348" errors="0">
  <testcase name="vehicleAppTest_017" time="9.165" classname="velocityAndroidAppTest.velocityAppTest"/>
  <testcase name="vehicleAppTest_016" time="7.218" classname="velocityAndroidAppTest.velocityAppTest"/>
  <testcase name="vehicleAppTest_018" time="2.704" classname="velocityAndroidAppTest.velocityAppTest"/>
  <testcase name="vehicleAppTest_011" time="15.477" classname="velocityAndroidAppTest.velocityAppTest"/>
  <testcase name="vehicleAppTest_013" time="20.490" classname="velocityAndroidAppTest.velocityAppTest"/>
  <testcase name="vehicleAppTest_012" time="18.921" classname="velocityAndroidAppTest.velocityAppTest"/>
  <testcase name="vehicleAppTest_019" time="8.807" classname="velocityAndroidAppTest.velocityAppTest"/>
  <testcase name="vehicleAppTest_014" time="20.828" classname="velocityAndroidAppTest.velocityAppTest"/>
  <testcase name="vehicleAppTest_015" time="42.738" classname="velocityAndroidAppTest.velocityAppTest"/>
</testsuite> <!-- velocityAndroidAppTest.velocityAppTest -->
