<?xml version="1.0" encoding="UTF-8"?>
<!-- Generated by org.testng.reporters.JUnitReportReporter -->
<testsuite hostname="HP" name="velocityMapTest.VelocityLiveMapTest" tests="9" failures="0" timestamp="2 Jan 2018 10:49:12 GMT" time="52.862" errors="0">
  <testcase name="liveMapTest_025" time="2.341" classname="velocityMapTest.VelocityLiveMapTest"/>
  <testcase name="liveMapTest_027" time="2.077" classname="velocityMapTest.VelocityLiveMapTest"/>
  <testcase name="liveMapTest_024" time="4.422" classname="velocityMapTest.VelocityLiveMapTest"/>
  <testcase name="liveMapTest_020" time="32.620" classname="velocityMapTest.VelocityLiveMapTest"/>
  <testcase name="liveMapTest_026" time="1.925" classname="velocityMapTest.VelocityLiveMapTest"/>
  <testcase name="liveMapTest_022" time="1.512" classname="velocityMapTest.VelocityLiveMapTest"/>
  <testcase name="liveMapTest_021" time="1.811" classname="velocityMapTest.VelocityLiveMapTest"/>
  <testcase name="liveMapTest_023" time="3.985" classname="velocityMapTest.VelocityLiveMapTest"/>
  <testcase name="liveMapTest_028" time="2.169" classname="velocityMapTest.VelocityLiveMapTest"/>
</testsuite> <!-- velocityMapTest.VelocityLiveMapTest -->
