<?xml version="1.0" encoding="UTF-8"?>
<!-- Generated by org.testng.reporters.JUnitReportReporter -->
<testsuite hostname="HP" name="velocityCheckHome.VelocityCheck_TC01" tests="1" failures="0" timestamp="13 Dec 2017 10:09:52 GMT" time="8.524" errors="0">
  <testcase name="vehicleCheckMenuTest_001" time="8.524" classname="velocityCheckHome.VelocityCheck_TC01"/>
</testsuite> <!-- velocityCheckHome.VelocityCheck_TC01 -->
