<?xml version="1.0" encoding="UTF-8"?>
<!-- Generated by org.testng.reporters.JUnitReportReporter -->
<testsuite hostname="HP" name="velocityWebTest.VelocityTest_001" tests="7" failures="0" timestamp="4 Jan 2018 05:40:08 GMT" time="44.516" errors="0">
  <testcase name="vehiclesaddButtonPopupTest_008" time="3.029" classname="velocityWebTest.VelocityTest_001"/>
  <testcase name="vehicleCheckTileTest_003" time="4.057" classname="velocityWebTest.VelocityTest_001"/>
  <testcase name="vehicleCheckTileTest_002" time="8.170" classname="velocityWebTest.VelocityTest_001"/>
  <testcase name="vehiclesTileTest_004" time="10.613" classname="velocityWebTest.VelocityTest_001"/>
  <testcase name="vehiclesaddButtonPopupTest_007" time="2.889" classname="velocityWebTest.VelocityTest_001"/>
  <testcase name="vehicleCheckMenuTest_001" time="9.698" classname="velocityWebTest.VelocityTest_001"/>
  <testcase name="vehiclesaddButtonPopupTest_005" time="6.060" classname="velocityWebTest.VelocityTest_001"/>
</testsuite> <!-- velocityWebTest.VelocityTest_001 -->
