<?xml version="1.0" encoding="UTF-8"?>
<!-- Generated by org.testng.reporters.JUnitReportReporter -->
<testsuite hostname="HP" name="velocityWebTest.VelocityTest_001" tests="7" failures="0" timestamp="27 Dec 2017 12:54:25 GMT" time="26.077" errors="0">
  <testcase name="vehiclesaddButtonPopupTest_007" time="1.661" classname="velocityWebTest.VelocityTest_001"/>
  <testcase name="vehiclesaddButtonPopupTest_005" time="3.230" classname="velocityWebTest.VelocityTest_001"/>
  <testcase name="vehiclesaddButtonPopupTest_008" time="1.844" classname="velocityWebTest.VelocityTest_001"/>
  <testcase name="vehicleCheckTileTest_002" time="7.509" classname="velocityWebTest.VelocityTest_001"/>
  <testcase name="vehiclesTileTest_004" time="3.871" classname="velocityWebTest.VelocityTest_001"/>
  <testcase name="vehicleCheckTileTest_003" time="2.684" classname="velocityWebTest.VelocityTest_001"/>
  <testcase name="vehicleCheckMenuTest_001" time="5.278" classname="velocityWebTest.VelocityTest_001"/>
</testsuite> <!-- velocityWebTest.VelocityTest_001 -->
