<?xml version="1.0" encoding="UTF-8"?>
<!-- Generated by org.testng.reporters.JUnitReportReporter -->
<testsuite hostname="HP" name="velocityAndroidAppTest.velocityAppTest" tests="9" failures="0" timestamp="12 Jan 2018 08:13:32 GMT" time="162.638" errors="0">
  <testcase name="vehicleAppTest_017" time="10.121" classname="velocityAndroidAppTest.velocityAppTest"/>
  <testcase name="vehicleAppTest_016" time="8.373" classname="velocityAndroidAppTest.velocityAppTest"/>
  <testcase name="vehicleAppTest_018" time="3.059" classname="velocityAndroidAppTest.velocityAppTest"/>
  <testcase name="vehicleAppTest_011" time="15.641" classname="velocityAndroidAppTest.velocityAppTest"/>
  <testcase name="vehicleAppTest_013" time="19.000" classname="velocityAndroidAppTest.velocityAppTest"/>
  <testcase name="vehicleAppTest_012" time="23.499" classname="velocityAndroidAppTest.velocityAppTest"/>
  <testcase name="vehicleAppTest_019" time="8.891" classname="velocityAndroidAppTest.velocityAppTest"/>
  <testcase name="vehicleAppTest_014" time="21.419" classname="velocityAndroidAppTest.velocityAppTest"/>
  <testcase name="vehicleAppTest_015" time="52.635" classname="velocityAndroidAppTest.velocityAppTest"/>
</testsuite> <!-- velocityAndroidAppTest.velocityAppTest -->
