<?xml version="1.0" encoding="UTF-8"?>
<!-- Generated by org.testng.reporters.JUnitReportReporter -->
<testsuite hostname="HP" name="velocityMapTest.VelocityLiveMapTest" tests="9" failures="0" timestamp="27 Dec 2017 12:35:35 GMT" time="21.895" errors="0">
  <testcase name="liveMapTest_008" time="0.395" classname="velocityMapTest.VelocityLiveMapTest"/>
  <testcase name="liveMapTest_001" time="13.488" classname="velocityMapTest.VelocityLiveMapTest"/>
  <testcase name="liveMapTest_005" time="3.347" classname="velocityMapTest.VelocityLiveMapTest"/>
  <testcase name="liveMapTest_007" time="0.453" classname="velocityMapTest.VelocityLiveMapTest"/>
  <testcase name="liveMapTest_004" time="2.032" classname="velocityMapTest.VelocityLiveMapTest"/>
  <testcase name="liveMapTest_006" time="0.649" classname="velocityMapTest.VelocityLiveMapTest"/>
  <testcase name="liveMapTest_002" time="0.498" classname="velocityMapTest.VelocityLiveMapTest"/>
  <testcase name="liveMapTest_009" time="0.761" classname="velocityMapTest.VelocityLiveMapTest"/>
  <testcase name="liveMapTest_003" time="0.272" classname="velocityMapTest.VelocityLiveMapTest"/>
</testsuite> <!-- velocityMapTest.VelocityLiveMapTest -->
