<?xml version="1.0" encoding="UTF-8"?>
<!-- Generated by org.testng.reporters.JUnitReportReporter -->
<testsuite hostname="HP" name="velocityWebTest.VelocityLiveMapTest" tests="1" failures="0" timestamp="20 Dec 2017 13:05:46 GMT" time="9.827" errors="0">
  <testcase name="vehicleCheckMenuTest_001" time="9.827" classname="velocityWebTest.VelocityLiveMapTest"/>
</testsuite> <!-- velocityWebTest.VelocityLiveMapTest -->
