<?xml version="1.0" encoding="UTF-8"?>
<!-- Generated by org.testng.reporters.JUnitReportReporter -->
<testsuite hostname="HP" name="velocityWebTest.VelocityTest_001" tests="7" failures="0" timestamp="12 Jan 2018 06:45:05 GMT" time="52.290" errors="0">
  <testcase name="vehicleCheckMenuTest_001" time="8.550" classname="velocityWebTest.VelocityTest_001"/>
  <testcase name="vehiclesaddButtonPopupTest_008" time="2.951" classname="velocityWebTest.VelocityTest_001"/>
  <testcase name="vehicleCheckTileTest_002" time="25.380" classname="velocityWebTest.VelocityTest_001"/>
  <testcase name="vehiclesTileTest_004" time="4.819" classname="velocityWebTest.VelocityTest_001"/>
  <testcase name="vehiclesaddButtonPopupTest_007" time="2.638" classname="velocityWebTest.VelocityTest_001"/>
  <testcase name="vehicleCheckTileTest_003" time="3.668" classname="velocityWebTest.VelocityTest_001"/>
  <testcase name="vehiclesaddButtonPopupTest_005" time="4.284" classname="velocityWebTest.VelocityTest_001"/>
</testsuite> <!-- velocityWebTest.VelocityTest_001 -->
