<?xml version="1.0" encoding="UTF-8"?>
<!-- Generated by org.testng.reporters.JUnitReportReporter -->
<testsuite hostname="HP" name="velocityTestScript.VelocityTest_001" tests="7" failures="0" timestamp="18 Dec 2017 08:15:51 GMT" time="41.028" errors="0">
  <testcase name="vehiclesaddButtonPopupTest_007" time="1.949" classname="velocityTestScript.VelocityTest_001"/>
  <testcase name="vehicleCheckTileTest_003" time="1.902" classname="velocityTestScript.VelocityTest_001"/>
  <testcase name="vehiclesaddButtonPopupTest_008" time="2.245" classname="velocityTestScript.VelocityTest_001"/>
  <testcase name="vehiclesTileTest_004" time="3.552" classname="velocityTestScript.VelocityTest_001"/>
  <testcase name="vehicleCheckTileTest_002" time="4.085" classname="velocityTestScript.VelocityTest_001"/>
  <testcase name="vehicleCheckMenuTest_001" time="24.469" classname="velocityTestScript.VelocityTest_001"/>
  <testcase name="vehiclesaddButtonPopupTest_005" time="2.826" classname="velocityTestScript.VelocityTest_001"/>
</testsuite> <!-- velocityTestScript.VelocityTest_001 -->
