<?xml version="1.0" encoding="UTF-8"?>
<!-- Generated by org.testng.reporters.JUnitReportReporter -->
<testsuite hostname="HP" name="velocityTestScript.VelocityTest_001" tests="8" failures="0" timestamp="18 Dec 2017 05:42:17 GMT" time="20.640" errors="0">
  <testcase name="vehiclesaddButtonPopupTest_008" time="1.419" classname="velocityTestScript.VelocityTest_001"/>
  <testcase name="vehiclesTileTest_004" time="3.240" classname="velocityTestScript.VelocityTest_001"/>
  <testcase name="vehicleCheckTileTest_003" time="1.840" classname="velocityTestScript.VelocityTest_001"/>
  <testcase name="vehicleCheckMenuTest_001" time="5.012" classname="velocityTestScript.VelocityTest_001"/>
  <testcase name="vehiclesaddButtonPopupTest_007" time="1.177" classname="velocityTestScript.VelocityTest_001"/>
  <testcase name="vehicleCheckTileTest_002" time="5.681" classname="velocityTestScript.VelocityTest_001"/>
  <testcase name="vehiclesaddButtonPopupTest_009" time="0.294" classname="velocityTestScript.VelocityTest_001"/>
  <testcase name="vehiclesaddButtonPopupTest_005" time="1.977" classname="velocityTestScript.VelocityTest_001"/>
</testsuite> <!-- velocityTestScript.VelocityTest_001 -->
