<?xml version="1.0" encoding="UTF-8"?>
<!-- Generated by org.testng.reporters.JUnitReportReporter -->
<testsuite hostname="HP" name="velocityCheckHome.VelocityTestSuite_001" tests="2" failures="0" timestamp="13 Dec 2017 13:12:36 GMT" time="11.434" errors="0">
  <testcase name="vehicleCheckMenuTest_001" time="6.101" classname="velocityCheckHome.VelocityTestSuite_001"/>
  <testcase name="vehicleCheckTileTest_002" time="5.333" classname="velocityCheckHome.VelocityTestSuite_001"/>
</testsuite> <!-- velocityCheckHome.VelocityTestSuite_001 -->
