<?xml version="1.0" encoding="UTF-8"?>
<!-- Generated by org.testng.reporters.JUnitReportReporter -->
<testsuite hostname="HP" name="restAPITest.SimpleGetTest" tests="1" failures="0" timestamp="30 Jul 2018 10:23:14 GMT" time="4.930" errors="0">
  <testcase name="GetWeatherDetails" time="4.930" classname="restAPITest.SimpleGetTest"/>
</testsuite> <!-- restAPITest.SimpleGetTest -->
