<?xml version="1.0" encoding="UTF-8"?>
<!-- Generated by org.testng.reporters.JUnitReportReporter -->
<testsuite hostname="HP" name="testScripts.FirstTest" tests="1" failures="0" timestamp="12 Dec 2017 13:40:34 GMT" time="3.892" errors="0">
  <testcase name="firstTest" time="3.892" classname="testScripts.FirstTest"/>
</testsuite> <!-- testScripts.FirstTest -->
