<?xml version="1.0" encoding="UTF-8"?>
<!-- Generated by org.testng.reporters.JUnitReportReporter -->
<testsuite hostname="HP" name="velocityAndroidAppTest.velocityAppTest" tests="9" failures="0" timestamp="4 Jan 2018 06:01:38 GMT" time="173.275" errors="0">
  <testcase name="vehicleAppTest_017" time="12.262" classname="velocityAndroidAppTest.velocityAppTest"/>
  <testcase name="vehicleAppTest_016" time="9.494" classname="velocityAndroidAppTest.velocityAppTest"/>
  <testcase name="vehicleAppTest_018" time="2.943" classname="velocityAndroidAppTest.velocityAppTest"/>
  <testcase name="vehicleAppTest_011" time="20.977" classname="velocityAndroidAppTest.velocityAppTest"/>
  <testcase name="vehicleAppTest_013" time="21.484" classname="velocityAndroidAppTest.velocityAppTest"/>
  <testcase name="vehicleAppTest_012" time="23.996" classname="velocityAndroidAppTest.velocityAppTest"/>
  <testcase name="vehicleAppTest_019" time="10.217" classname="velocityAndroidAppTest.velocityAppTest"/>
  <testcase name="vehicleAppTest_014" time="27.007" classname="velocityAndroidAppTest.velocityAppTest"/>
  <testcase name="vehicleAppTest_015" time="44.895" classname="velocityAndroidAppTest.velocityAppTest"/>
</testsuite> <!-- velocityAndroidAppTest.velocityAppTest -->
