<?xml version="1.0" encoding="UTF-8"?>
<!-- Generated by org.testng.reporters.JUnitReportReporter -->
<testsuite hostname="HP" name="velocityWebTest.VelocityTest_001" tests="7" failures="0" timestamp="11 Jan 2018 10:52:36 GMT" time="40.226" errors="0">
  <testcase name="vehiclesaddButtonPopupTest_008" time="3.986" classname="velocityWebTest.VelocityTest_001"/>
  <testcase name="vehicleCheckTileTest_003" time="3.342" classname="velocityWebTest.VelocityTest_001"/>
  <testcase name="vehicleCheckTileTest_002" time="8.873" classname="velocityWebTest.VelocityTest_001"/>
  <testcase name="vehiclesTileTest_004" time="5.638" classname="velocityWebTest.VelocityTest_001"/>
  <testcase name="vehiclesaddButtonPopupTest_007" time="3.058" classname="velocityWebTest.VelocityTest_001"/>
  <testcase name="vehicleCheckMenuTest_001" time="11.084" classname="velocityWebTest.VelocityTest_001"/>
  <testcase name="vehiclesaddButtonPopupTest_005" time="4.245" classname="velocityWebTest.VelocityTest_001"/>
</testsuite> <!-- velocityWebTest.VelocityTest_001 -->
