<?xml version="1.0" encoding="UTF-8"?>
<!-- Generated by org.testng.reporters.JUnitReportReporter -->
<testsuite hostname="HP" name="velocityCheckHome.VelocityTestSuite_001" tests="5" failures="0" timestamp="17 Dec 2017 03:06:21 GMT" time="16.212" errors="0">
  <testcase name="vehicleCheckTileTest_002" time="3.934" classname="velocityCheckHome.VelocityTestSuite_001"/>
  <testcase name="vehiclesaddButtonPopupTest_005" time="2.360" classname="velocityCheckHome.VelocityTestSuite_001"/>
  <testcase name="vehicleCheckMenuTest_001" time="4.445" classname="velocityCheckHome.VelocityTestSuite_001"/>
  <testcase name="vehiclesTileTest_004" time="4.107" classname="velocityCheckHome.VelocityTestSuite_001"/>
  <testcase name="vehicleCheckTileTest_003" time="1.366" classname="velocityCheckHome.VelocityTestSuite_001"/>
</testsuite> <!-- velocityCheckHome.VelocityTestSuite_001 -->
